22:56:29.689 [main] INFO  testCases.TC_002_LoginTest - *** Finished TC_002_LoginTest *****
22:59:03.342 [main] INFO  testCases.TC_001_AccountRegistrationTest - ***** Starting TC_001_AccountRegistrationTest ******* 
22:59:03.566 [main] INFO  testCases.TC_001_AccountRegistrationTest - Clicked on MyAccount link
22:59:03.983 [main] INFO  testCases.TC_001_AccountRegistrationTest - Clicked on Register link
22:59:03.985 [main] INFO  testCases.TC_001_AccountRegistrationTest - Providing Customer details.
22:59:05.116 [main] INFO  testCases.TC_001_AccountRegistrationTest - Validating expected message
22:59:05.158 [main] INFO  testCases.TC_001_AccountRegistrationTest - Finished Execution
22:59:07.350 [main] INFO  testCases.TC_002_LoginTest - *** Starting TC_002_LoginTest *****
22:59:08.450 [main] INFO  testCases.TC_002_LoginTest - *** Finished TC_002_LoginTest *****
01:05:05.309 [main] INFO  testCases.TC_003_LoginDDT - **** Starting TC_003_LoginDDT **** 
01:05:16.418 [main] INFO  testCases.TC_003_LoginDDT - **** Starting TC_003_LoginDDT **** 
01:05:26.506 [main] INFO  testCases.TC_003_LoginDDT - **** Starting TC_003_LoginDDT **** 
01:05:36.601 [main] INFO  testCases.TC_003_LoginDDT - **** Starting TC_003_LoginDDT **** 
01:05:46.686 [main] INFO  testCases.TC_003_LoginDDT - **** Starting TC_003_LoginDDT **** 
01:13:49.252 [main] INFO  testCases.TC_003_LoginDDT - **** Starting TC_003_LoginDDT **** 
01:14:00.315 [main] INFO  testCases.TC_003_LoginDDT - **** Starting TC_003_LoginDDT **** 
01:14:10.417 [main] INFO  testCases.TC_003_LoginDDT - **** Starting TC_003_LoginDDT **** 
01:14:20.517 [main] INFO  testCases.TC_003_LoginDDT - **** Starting TC_003_LoginDDT **** 
01:14:30.583 [main] INFO  testCases.TC_003_LoginDDT - **** Starting TC_003_LoginDDT **** 
01:16:08.351 [main] INFO  testCases.TC_003_LoginDDT - **** Starting TC_003_LoginDDT **** 
01:16:19.370 [main] INFO  testCases.TC_003_LoginDDT - **** Starting TC_003_LoginDDT **** 
01:16:29.459 [main] INFO  testCases.TC_003_LoginDDT - **** Starting TC_003_LoginDDT **** 
01:16:39.598 [main] INFO  testCases.TC_003_LoginDDT - **** Starting TC_003_LoginDDT **** 
01:16:49.713 [main] INFO  testCases.TC_003_LoginDDT - **** Starting TC_003_LoginDDT **** 
01:18:05.025 [main] INFO  testCases.TC_003_LoginDDT - **** Starting TC_003_LoginDDT **** 
01:18:16.003 [main] INFO  testCases.TC_003_LoginDDT - **** Starting TC_003_LoginDDT **** 
01:18:26.102 [main] INFO  testCases.TC_003_LoginDDT - **** Starting TC_003_LoginDDT **** 
01:18:36.231 [main] INFO  testCases.TC_003_LoginDDT - **** Starting TC_003_LoginDDT **** 
01:18:46.314 [main] INFO  testCases.TC_003_LoginDDT - **** Starting TC_003_LoginDDT **** 
01:24:42.540 [main] INFO  testCases.TC_003_LoginDDT - **** Starting TC_003_LoginDDT **** 
01:24:53.514 [main] INFO  testCases.TC_003_LoginDDT - **** Starting TC_003_LoginDDT **** 
01:25:03.588 [main] INFO  testCases.TC_003_LoginDDT - **** Starting TC_003_LoginDDT **** 
01:25:20.867 [main] INFO  testCases.TC_003_LoginDDT - **** Finished TC_003_LoginDDT **** 
01:25:20.869 [main] INFO  testCases.TC_003_LoginDDT - **** Starting TC_003_LoginDDT **** 
01:25:31.664 [main] INFO  testCases.TC_003_LoginDDT - **** Finished TC_003_LoginDDT **** 
01:25:31.666 [main] INFO  testCases.TC_003_LoginDDT - **** Starting TC_003_LoginDDT **** 
01:25:43.083 [main] INFO  testCases.TC_003_LoginDDT - **** Finished TC_003_LoginDDT **** 
01:27:18.288 [main] INFO  testCases.TC_003_LoginDDT - **** Starting TC_003_LoginDDT **** 
01:27:31.404 [main] INFO  testCases.TC_003_LoginDDT - **** Starting TC_003_LoginDDT **** 
01:27:46.028 [main] INFO  testCases.TC_003_LoginDDT - **** Finished TC_003_LoginDDT **** 
01:27:46.031 [main] INFO  testCases.TC_003_LoginDDT - **** Starting TC_003_LoginDDT **** 
01:27:56.865 [main] INFO  testCases.TC_003_LoginDDT - **** Finished TC_003_LoginDDT **** 
01:27:56.867 [main] INFO  testCases.TC_003_LoginDDT - **** Starting TC_003_LoginDDT **** 
01:28:08.230 [main] INFO  testCases.TC_003_LoginDDT - **** Finished TC_003_LoginDDT **** 
01:28:08.232 [main] INFO  testCases.TC_003_LoginDDT - **** Starting TC_003_LoginDDT **** 
01:28:19.727 [main] INFO  testCases.TC_003_LoginDDT - **** Finished TC_003_LoginDDT **** 
01:32:08.893 [main] INFO  testCases.TC_003_LoginDDT - **** Starting TC_003_LoginDDT **** 
01:32:12.319 [main] INFO  testCases.TC_003_LoginDDT - **** Finished TC_003_LoginDDT **** 
01:32:12.324 [main] INFO  testCases.TC_003_LoginDDT - **** Starting TC_003_LoginDDT **** 
01:32:23.117 [main] INFO  testCases.TC_003_LoginDDT - **** Finished TC_003_LoginDDT **** 
01:32:23.120 [main] INFO  testCases.TC_003_LoginDDT - **** Starting TC_003_LoginDDT **** 
01:32:34.268 [main] INFO  testCases.TC_003_LoginDDT - **** Finished TC_003_LoginDDT **** 
01:32:34.271 [main] INFO  testCases.TC_003_LoginDDT - **** Starting TC_003_LoginDDT **** 
01:32:45.202 [main] INFO  testCases.TC_003_LoginDDT - **** Finished TC_003_LoginDDT **** 
01:32:45.206 [main] INFO  testCases.TC_003_LoginDDT - **** Starting TC_003_LoginDDT **** 
